<?xml version="1.0" encoding="UTF-8"?>
<!-- Generated by org.testng.reporters.JUnitReportReporter -->
<testsuite hostname="ASDP1580PO02037" name="YatraTest.YatraTestNGTest" tests="1" failures="0" timestamp="22 Aug 2018 09:43:26 GMT" time="24.120" errors="0">
  <testcase name="callBasic" time="24.120" classname="YatraTest.YatraTestNGTest"/>
</testsuite> <!-- YatraTest.YatraTestNGTest -->
